22:55:16.465 [main] TRACE - Reading unresolved handles for type system org.apache.poi.schemas.ooxml.system.ooxml
22:55:16.555 [main] TRACE - Finished loading type system org.apache.poi.schemas.ooxml.system.ooxml
22:55:16.557 [main] TRACE - Resolving type for handle themefd26doctype
22:55:16.658 [main] TRACE - Resolving type for handle stylesheet5d8bdoctype
22:55:16.668 [main] TRACE - Resolving type for handle ctstylesheet4257type
22:55:16.676 [main] TRACE - Resolving type for handle ctfonts6623type
22:55:16.683 [main] TRACE - Resolving type for handle ctfont14d8type
22:55:16.691 [main] TRACE - Resolving type for handle ctfills2c6ftype
22:55:16.696 [main] TRACE - Resolving type for handle ctfill550ctype
22:55:16.699 [main] TRACE - Resolving type for handle ctborders0d66type
22:55:16.704 [main] TRACE - Resolving type for handle ctborderf935type
22:55:16.709 [main] TRACE - Resolving type for handle ctcellxfs1322type
22:55:16.713 [main] TRACE - Resolving type for handle ctxf97f7type
22:55:16.719 [main] TRACE - Resolving type for handle ctcellstylexfsa81ftype
22:55:16.721 [main] TRACE - Resolving type for handle ctdxfsb26atype
22:55:16.727 [main] TRACE - Resolving type for handle cttablestyles872ftype
22:55:16.734 [main] TRACE - Resolving type for handle sstf81fdoctype
22:55:16.741 [main] TRACE - Resolving type for handle ctsst44f3type
22:55:16.760 [main] TRACE - Resolving type for handle ctrsta472type
22:55:16.784 [main] TRACE - Resolving type for handle workbookec17doctype
22:55:16.789 [main] TRACE - Resolving type for handle ctworkbook83c3type
22:55:16.796 [main] TRACE - Resolving type for handle ctsheets49fdtype
22:55:16.803 [main] TRACE - Resolving type for handle ctsheet4dbetype
22:55:16.809 [main] TRACE - Resolving type for handle strelationshipid1e94type
22:55:16.816 [main] TRACE - Resolving type for handle worksheetf539doctype
22:55:16.824 [main] TRACE - Resolving type for handle ctworksheet530dtype
22:55:16.847 [main] TRACE - Resolving type for handle ctcols627ctype
22:55:16.858 [main] TRACE - Resolving type for handle ctcola95ftype
22:55:16.895 [main] TRACE - Resolving type for handle ctsheetdata8408type
22:55:16.907 [main] TRACE - Resolving type for handle ctrowdd39type
22:55:16.919 [main] TRACE - Resolving type for handle ctcell842btype
22:55:16.935 [main] TRACE - Resolving type for handle stcellrefe4e0type
22:55:16.954 [main] TRACE - Resolving type for handle cthyperlinks6416type
22:55:16.960 [main] TRACE - Resolving type for handle cthyperlink0c85type
22:55:16.979 [main] TRACE - Resolving type for handle stxstringf179type
22:55:16.989 [main] TRACE - Resolving type for handle stcelltypebf95type
22:55:17.011 [main] TRACE - Resolving type for handle stcellstylexfid70c7type
22:55:17.026 [main] TRACE - Resolving type for handle stnumfmtid76fbtype
22:55:17.557 [main] INFO  - Provide Emailid of user
22:55:18.055 [main] INFO  - Provide Phone number
22:55:18.456 [main] INFO  - Capture the error message if anything is incorrect
